[debug] [2023-04-29T20:39:31.781Z] ----------------------------------------------------------------------
[debug] [2023-04-29T20:39:31.782Z] Command:       /usr/local/bin/node /usr/local/bin/firebase init
[debug] [2023-04-29T20:39:31.783Z] CLI Version:   11.24.1
[debug] [2023-04-29T20:39:31.783Z] Platform:      darwin
[debug] [2023-04-29T20:39:31.783Z] Node Version:  v16.18.0
[debug] [2023-04-29T20:39:31.788Z] Time:          Sun Apr 30 2023 02:09:31 GMT+0530 (India Standard Time)
[debug] [2023-04-29T20:39:31.788Z] ----------------------------------------------------------------------
[debug] 
[debug] [2023-04-29T20:39:31.790Z] >>> [apiv2][query] GET https://firebase-public.firebaseio.com/cli.json [none]
[debug] [2023-04-29T20:39:31.806Z] > command requires scopes: ["email","openid","https://www.googleapis.com/auth/cloudplatformprojects.readonly","https://www.googleapis.com/auth/firebase","https://www.googleapis.com/auth/cloud-platform"]
[debug] [2023-04-29T20:39:31.806Z] > authorizing via signed-in user (drakonyt.business@gmail.com)
[info] 
     ######## #### ########  ######## ########     ###     ######  ########
     ##        ##  ##     ## ##       ##     ##  ##   ##  ##       ##
     ######    ##  ########  ######   ########  #########  ######  ######
     ##        ##  ##    ##  ##       ##     ## ##     ##       ## ##
     ##       #### ##     ## ######## ########  ##     ##  ######  ########

You're about to initialize a Firebase project in this directory:

  /Users/spark/Desktop/reactApps/baatekaro

[warn] ⚠  Unable to fetch the CLI MOTD and remote config. 
[debug] [2023-04-29T20:39:31.872Z] Failed to fetch MOTD FirebaseError: Failed to make request to https://firebase-public.firebaseio.com/cli.json
[info] 
=== Account Setup
[info] 
[info] Which account do you want to use for this project? Choose an account or add a new one now
[info] 
[debug] [2023-04-29T20:50:07.950Z] setProjectAccount(/Users/spark/Desktop/reactApps/baatekaro, drakonyt.business@gmail.com)
[info] 
[info] ✔  Using account: drakonyt.business@gmail.com 
[info] 
=== Project Setup
[info] 
[info] First, let's associate this project directory with a Firebase project.
[info] You can create multiple project aliases by running firebase use --add, 
[info] but for now we'll just set up a default project.
[info] 
[info] i  If you want to create a project in a Google Cloud organization or folder, please use "firebase projects:create" instead, and return to this command when you've created the project. 
[debug] [2023-04-29T20:51:17.610Z] > refreshing access token with scopes: []
[debug] [2023-04-29T20:51:17.613Z] >>> [apiv2][query] POST https://www.googleapis.com/oauth2/v3/token [none]
[debug] [2023-04-29T20:51:17.613Z] >>> [apiv2][body] POST https://www.googleapis.com/oauth2/v3/token [omitted]
[debug] [2023-04-29T20:51:17.674Z] FirebaseError: Authentication Error: Your credentials are no longer valid. Please run firebase login --reauth

For CI servers and headless environments, generate a new token with firebase login:ci
    at invalidCredentialError (/usr/local/lib/node_modules/firebase-tools/lib/auth.js:144:12)
    at refreshTokens (/usr/local/lib/node_modules/firebase-tools/lib/auth.js:508:15)
    at processTicksAndRejections (node:internal/process/task_queues:96:5)
    at async Client.getAccessToken (/usr/local/lib/node_modules/firebase-tools/lib/apiv2.js:149:23)
    at async Client.addAuthHeader (/usr/local/lib/node_modules/firebase-tools/lib/apiv2.js:140:21)
    at async Client.request (/usr/local/lib/node_modules/firebase-tools/lib/apiv2.js:96:34)
    at async createCloudProject (/usr/local/lib/node_modules/firebase-tools/lib/management/projects.js:180:26)
    at async createFirebaseProjectAndLog (/usr/local/lib/node_modules/firebase-tools/lib/management/projects.js:45:9)
    at async promptAndCreateNewProject (/usr/local/lib/node_modules/firebase-tools/lib/init/features/project.js:32:12)
    at async doSetup (/usr/local/lib/node_modules/firebase-tools/lib/init/features/project.js:88:27)
    at async init (/usr/local/lib/node_modules/firebase-tools/lib/init/index.js:36:9)
[error] 
[error] Error: Failed to create project. See firebase-debug.log for more info.
